<?xml version="1.0" encoding="UTF-8"?>
<testsuite xmlns:xsi="http://www.w3.org/2001/XMLSchema-instance" xsi:noNamespaceSchemaLocation="https://maven.apache.org/surefire/maven-surefire-plugin/xsd/surefire-test-report.xsd" name="com.banxue.BanxueFrontendApplicationTests" time="12.265" tests="1" errors="0" skipped="0" failures="0">
  <properties>
    <property name="sun.desktop" value="windows"/>
    <property name="awt.toolkit" value="sun.awt.windows.WToolkit"/>
    <property name="file.encoding.pkg" value="sun.io"/>
    <property name="java.specification.version" value="1.8"/>
    <property name="sun.cpu.isalist" value="amd64"/>
    <property name="sun.jnu.encoding" value="GBK"/>
    <property name="java.class.path" value="C:\GitWork\banxue-dev\project\banxue-frontend\target\test-classes;C:\GitWork\banxue-dev\project\banxue-frontend\target\classes;D:\MaveStroage\com\baomidou\mybatis-plus-boot-starter\2.3\mybatis-plus-boot-starter-2.3.jar;D:\MaveStroage\com\baomidou\mybatis-plus\2.3\mybatis-plus-2.3.jar;D:\MaveStroage\com\baomidou\mybatis-plus-support\2.3\mybatis-plus-support-2.3.jar;D:\MaveStroage\com\baomidou\mybatis-plus-core\2.3\mybatis-plus-core-2.3.jar;D:\MaveStroage\com\github\jsqlparser\jsqlparser\1.1\jsqlparser-1.1.jar;D:\MaveStroage\org\mybatis\mybatis-spring\1.3.2\mybatis-spring-1.3.2.jar;D:\MaveStroage\org\mybatis\mybatis\3.4.6\mybatis-3.4.6.jar;D:\MaveStroage\com\baomidou\mybatis-plus-generate\2.3\mybatis-plus-generate-2.3.jar;D:\MaveStroage\org\springframework\boot\spring-boot-autoconfigure\2.0.5.RELEASE\spring-boot-autoconfigure-2.0.5.RELEASE.jar;D:\MaveStroage\org\springframework\boot\spring-boot-starter-jdbc\2.0.5.RELEASE\spring-boot-starter-jdbc-2.0.5.RELEASE.jar;D:\MaveStroage\com\zaxxer\HikariCP\2.7.9\HikariCP-2.7.9.jar;D:\MaveStroage\org\springframework\spring-jdbc\5.0.9.RELEASE\spring-jdbc-5.0.9.RELEASE.jar;D:\MaveStroage\org\springframework\spring-tx\5.0.9.RELEASE\spring-tx-5.0.9.RELEASE.jar;D:\MaveStroage\dom4j\dom4j\1.6.1\dom4j-1.6.1.jar;D:\MaveStroage\xml-apis\xml-apis\1.4.01\xml-apis-1.4.01.jar;D:\MaveStroage\commons-logging\commons-logging\1.2\commons-logging-1.2.jar;D:\MaveStroage\org\apache\commons\commons-lang3\3.7\commons-lang3-3.7.jar;D:\MaveStroage\commons-configuration\commons-configuration\1.10\commons-configuration-1.10.jar;D:\MaveStroage\commons-lang\commons-lang\2.6\commons-lang-2.6.jar;D:\MaveStroage\commons-io\commons-io\2.5\commons-io-2.5.jar;D:\MaveStroage\com\alibaba\druid\1.0.28\druid-1.0.28.jar;C:\Program Files\Java\jdk1.8.0_112\jre\..\lib\jconsole.jar;C:\Program Files\Java\jdk1.8.0_112\jre\..\lib\tools.jar;D:\MaveStroage\com\alipay\sdk\alipay-sdk-java\3.1.0\alipay-sdk-java-3.1.0.jar;D:\MaveStroage\com\thoughtworks\xstream\xstream\1.4.10\xstream-1.4.10.jar;D:\MaveStroage\xmlpull\xmlpull\1.1.3.1\xmlpull-1.1.3.1.jar;D:\MaveStroage\xpp3\xpp3_min\1.1.4c\xpp3_min-1.1.4c.jar;D:\MaveStroage\com\alibaba\fastjson\1.2.31\fastjson-1.2.31.jar;D:\MaveStroage\org\apache\httpcomponents\httpclient\4.5.6\httpclient-4.5.6.jar;D:\MaveStroage\org\apache\httpcomponents\httpcore\4.4.10\httpcore-4.4.10.jar;D:\MaveStroage\commons-codec\commons-codec\1.11\commons-codec-1.11.jar;D:\MaveStroage\org\jsoup\jsoup\1.9.2\jsoup-1.9.2.jar;D:\MaveStroage\mysql\mysql-connector-java\5.1.47\mysql-connector-java-5.1.47.jar;D:\MaveStroage\log4j\log4j\1.2.14\log4j-1.2.14.jar;D:\MaveStroage\org\springframework\boot\spring-boot-starter-web\2.0.5.RELEASE\spring-boot-starter-web-2.0.5.RELEASE.jar;D:\MaveStroage\org\springframework\boot\spring-boot-starter-json\2.0.5.RELEASE\spring-boot-starter-json-2.0.5.RELEASE.jar;D:\MaveStroage\com\fasterxml\jackson\core\jackson-databind\2.9.6\jackson-databind-2.9.6.jar;D:\MaveStroage\com\fasterxml\jackson\core\jackson-annotations\2.9.0\jackson-annotations-2.9.0.jar;D:\MaveStroage\com\fasterxml\jackson\core\jackson-core\2.9.6\jackson-core-2.9.6.jar;D:\MaveStroage\com\fasterxml\jackson\datatype\jackson-datatype-jdk8\2.9.6\jackson-datatype-jdk8-2.9.6.jar;D:\MaveStroage\com\fasterxml\jackson\datatype\jackson-datatype-jsr310\2.9.6\jackson-datatype-jsr310-2.9.6.jar;D:\MaveStroage\com\fasterxml\jackson\module\jackson-module-parameter-names\2.9.6\jackson-module-parameter-names-2.9.6.jar;D:\MaveStroage\org\springframework\boot\spring-boot-starter-tomcat\2.0.5.RELEASE\spring-boot-starter-tomcat-2.0.5.RELEASE.jar;D:\MaveStroage\org\apache\tomcat\embed\tomcat-embed-core\8.5.34\tomcat-embed-core-8.5.34.jar;D:\MaveStroage\org\apache\tomcat\embed\tomcat-embed-el\8.5.34\tomcat-embed-el-8.5.34.jar;D:\MaveStroage\org\apache\tomcat\embed\tomcat-embed-websocket\8.5.34\tomcat-embed-websocket-8.5.34.jar;D:\MaveStroage\org\hibernate\validator\hibernate-validator\6.0.12.Final\hibernate-validator-6.0.12.Final.jar;D:\MaveStroage\javax\validation\validation-api\2.0.1.Final\validation-api-2.0.1.Final.jar;D:\MaveStroage\org\jboss\logging\jboss-logging\3.3.2.Final\jboss-logging-3.3.2.Final.jar;D:\MaveStroage\com\fasterxml\classmate\1.3.4\classmate-1.3.4.jar;D:\MaveStroage\org\springframework\spring-web\5.0.9.RELEASE\spring-web-5.0.9.RELEASE.jar;D:\MaveStroage\org\springframework\spring-beans\5.0.9.RELEASE\spring-beans-5.0.9.RELEASE.jar;D:\MaveStroage\org\springframework\spring-webmvc\5.0.9.RELEASE\spring-webmvc-5.0.9.RELEASE.jar;D:\MaveStroage\org\springframework\spring-aop\5.0.9.RELEASE\spring-aop-5.0.9.RELEASE.jar;D:\MaveStroage\org\springframework\spring-context\5.0.9.RELEASE\spring-context-5.0.9.RELEASE.jar;D:\MaveStroage\org\springframework\spring-expression\5.0.9.RELEASE\spring-expression-5.0.9.RELEASE.jar;D:\MaveStroage\org\yaml\snakeyaml\1.19\snakeyaml-1.19.jar;D:\MaveStroage\org\freemarker\freemarker\2.3.28\freemarker-2.3.28.jar;D:\MaveStroage\org\springframework\boot\spring-boot-starter\2.0.5.RELEASE\spring-boot-starter-2.0.5.RELEASE.jar;D:\MaveStroage\org\springframework\boot\spring-boot\2.0.5.RELEASE\spring-boot-2.0.5.RELEASE.jar;D:\MaveStroage\org\springframework\boot\spring-boot-starter-logging\2.0.5.RELEASE\spring-boot-starter-logging-2.0.5.RELEASE.jar;D:\MaveStroage\ch\qos\logback\logback-classic\1.2.3\logback-classic-1.2.3.jar;D:\MaveStroage\ch\qos\logback\logback-core\1.2.3\logback-core-1.2.3.jar;D:\MaveStroage\org\apache\logging\log4j\log4j-to-slf4j\2.10.0\log4j-to-slf4j-2.10.0.jar;D:\MaveStroage\org\apache\logging\log4j\log4j-api\2.10.0\log4j-api-2.10.0.jar;D:\MaveStroage\org\slf4j\jul-to-slf4j\1.7.25\jul-to-slf4j-1.7.25.jar;D:\MaveStroage\javax\annotation\javax.annotation-api\1.3.2\javax.annotation-api-1.3.2.jar;D:\MaveStroage\org\springframework\spring-core\5.0.9.RELEASE\spring-core-5.0.9.RELEASE.jar;D:\MaveStroage\org\springframework\spring-jcl\5.0.9.RELEASE\spring-jcl-5.0.9.RELEASE.jar;D:\MaveStroage\org\springframework\boot\spring-boot-starter-test\2.0.5.RELEASE\spring-boot-starter-test-2.0.5.RELEASE.jar;D:\MaveStroage\org\springframework\boot\spring-boot-test\2.0.5.RELEASE\spring-boot-test-2.0.5.RELEASE.jar;D:\MaveStroage\org\springframework\boot\spring-boot-test-autoconfigure\2.0.5.RELEASE\spring-boot-test-autoconfigure-2.0.5.RELEASE.jar;D:\MaveStroage\com\jayway\jsonpath\json-path\2.4.0\json-path-2.4.0.jar;D:\MaveStroage\net\minidev\json-smart\2.3\json-smart-2.3.jar;D:\MaveStroage\net\minidev\accessors-smart\1.2\accessors-smart-1.2.jar;D:\MaveStroage\org\ow2\asm\asm\5.0.4\asm-5.0.4.jar;D:\MaveStroage\org\slf4j\slf4j-api\1.7.25\slf4j-api-1.7.25.jar;D:\MaveStroage\junit\junit\4.12\junit-4.12.jar;D:\MaveStroage\org\assertj\assertj-core\3.9.1\assertj-core-3.9.1.jar;D:\MaveStroage\org\mockito\mockito-core\2.15.0\mockito-core-2.15.0.jar;D:\MaveStroage\net\bytebuddy\byte-buddy\1.7.11\byte-buddy-1.7.11.jar;D:\MaveStroage\net\bytebuddy\byte-buddy-agent\1.7.11\byte-buddy-agent-1.7.11.jar;D:\MaveStroage\org\objenesis\objenesis\2.6\objenesis-2.6.jar;D:\MaveStroage\org\hamcrest\hamcrest-core\1.3\hamcrest-core-1.3.jar;D:\MaveStroage\org\hamcrest\hamcrest-library\1.3\hamcrest-library-1.3.jar;D:\MaveStroage\org\skyscreamer\jsonassert\1.5.0\jsonassert-1.5.0.jar;D:\MaveStroage\com\vaadin\external\google\android-json\0.0.20131108.vaadin1\android-json-0.0.20131108.vaadin1.jar;D:\MaveStroage\org\springframework\spring-test\5.0.9.RELEASE\spring-test-5.0.9.RELEASE.jar;D:\MaveStroage\org\xmlunit\xmlunit-core\2.5.1\xmlunit-core-2.5.1.jar;"/>
    <property name="java.vm.vendor" value="Oracle Corporation"/>
    <property name="sun.arch.data.model" value="64"/>
    <property name="user.variant" value=""/>
    <property name="java.vendor.url" value="http://java.oracle.com/"/>
    <property name="user.timezone" value=""/>
    <property name="java.vm.specification.version" value="1.8"/>
    <property name="os.name" value="Windows 10"/>
    <property name="user.country" value="CN"/>
    <property name="sun.java.launcher" value="SUN_STANDARD"/>
    <property name="sun.boot.library.path" value="C:\Program Files\Java\jdk1.8.0_112\jre\bin"/>
    <property name="sun.java.command" value="C:\Users\FENGCH~1\AppData\Local\Temp\surefire6488304197079517066\surefirebooter7666990339994619005.jar C:\Users\fengchaseyou\AppData\Local\Temp\surefire6488304197079517066 2018-09-26T16-38-56_608-jvmRun1 surefire8083280513229307566tmp surefire_02158324877557869933tmp"/>
    <property name="surefire.test.class.path" value="C:\GitWork\banxue-dev\project\banxue-frontend\target\test-classes;C:\GitWork\banxue-dev\project\banxue-frontend\target\classes;D:\MaveStroage\com\baomidou\mybatis-plus-boot-starter\2.3\mybatis-plus-boot-starter-2.3.jar;D:\MaveStroage\com\baomidou\mybatis-plus\2.3\mybatis-plus-2.3.jar;D:\MaveStroage\com\baomidou\mybatis-plus-support\2.3\mybatis-plus-support-2.3.jar;D:\MaveStroage\com\baomidou\mybatis-plus-core\2.3\mybatis-plus-core-2.3.jar;D:\MaveStroage\com\github\jsqlparser\jsqlparser\1.1\jsqlparser-1.1.jar;D:\MaveStroage\org\mybatis\mybatis-spring\1.3.2\mybatis-spring-1.3.2.jar;D:\MaveStroage\org\mybatis\mybatis\3.4.6\mybatis-3.4.6.jar;D:\MaveStroage\com\baomidou\mybatis-plus-generate\2.3\mybatis-plus-generate-2.3.jar;D:\MaveStroage\org\springframework\boot\spring-boot-autoconfigure\2.0.5.RELEASE\spring-boot-autoconfigure-2.0.5.RELEASE.jar;D:\MaveStroage\org\springframework\boot\spring-boot-starter-jdbc\2.0.5.RELEASE\spring-boot-starter-jdbc-2.0.5.RELEASE.jar;D:\MaveStroage\com\zaxxer\HikariCP\2.7.9\HikariCP-2.7.9.jar;D:\MaveStroage\org\springframework\spring-jdbc\5.0.9.RELEASE\spring-jdbc-5.0.9.RELEASE.jar;D:\MaveStroage\org\springframework\spring-tx\5.0.9.RELEASE\spring-tx-5.0.9.RELEASE.jar;D:\MaveStroage\dom4j\dom4j\1.6.1\dom4j-1.6.1.jar;D:\MaveStroage\xml-apis\xml-apis\1.4.01\xml-apis-1.4.01.jar;D:\MaveStroage\commons-logging\commons-logging\1.2\commons-logging-1.2.jar;D:\MaveStroage\org\apache\commons\commons-lang3\3.7\commons-lang3-3.7.jar;D:\MaveStroage\commons-configuration\commons-configuration\1.10\commons-configuration-1.10.jar;D:\MaveStroage\commons-lang\commons-lang\2.6\commons-lang-2.6.jar;D:\MaveStroage\commons-io\commons-io\2.5\commons-io-2.5.jar;D:\MaveStroage\com\alibaba\druid\1.0.28\druid-1.0.28.jar;C:\Program Files\Java\jdk1.8.0_112\jre\..\lib\jconsole.jar;C:\Program Files\Java\jdk1.8.0_112\jre\..\lib\tools.jar;D:\MaveStroage\com\alipay\sdk\alipay-sdk-java\3.1.0\alipay-sdk-java-3.1.0.jar;D:\MaveStroage\com\thoughtworks\xstream\xstream\1.4.10\xstream-1.4.10.jar;D:\MaveStroage\xmlpull\xmlpull\1.1.3.1\xmlpull-1.1.3.1.jar;D:\MaveStroage\xpp3\xpp3_min\1.1.4c\xpp3_min-1.1.4c.jar;D:\MaveStroage\com\alibaba\fastjson\1.2.31\fastjson-1.2.31.jar;D:\MaveStroage\org\apache\httpcomponents\httpclient\4.5.6\httpclient-4.5.6.jar;D:\MaveStroage\org\apache\httpcomponents\httpcore\4.4.10\httpcore-4.4.10.jar;D:\MaveStroage\commons-codec\commons-codec\1.11\commons-codec-1.11.jar;D:\MaveStroage\org\jsoup\jsoup\1.9.2\jsoup-1.9.2.jar;D:\MaveStroage\mysql\mysql-connector-java\5.1.47\mysql-connector-java-5.1.47.jar;D:\MaveStroage\log4j\log4j\1.2.14\log4j-1.2.14.jar;D:\MaveStroage\org\springframework\boot\spring-boot-starter-web\2.0.5.RELEASE\spring-boot-starter-web-2.0.5.RELEASE.jar;D:\MaveStroage\org\springframework\boot\spring-boot-starter-json\2.0.5.RELEASE\spring-boot-starter-json-2.0.5.RELEASE.jar;D:\MaveStroage\com\fasterxml\jackson\core\jackson-databind\2.9.6\jackson-databind-2.9.6.jar;D:\MaveStroage\com\fasterxml\jackson\core\jackson-annotations\2.9.0\jackson-annotations-2.9.0.jar;D:\MaveStroage\com\fasterxml\jackson\core\jackson-core\2.9.6\jackson-core-2.9.6.jar;D:\MaveStroage\com\fasterxml\jackson\datatype\jackson-datatype-jdk8\2.9.6\jackson-datatype-jdk8-2.9.6.jar;D:\MaveStroage\com\fasterxml\jackson\datatype\jackson-datatype-jsr310\2.9.6\jackson-datatype-jsr310-2.9.6.jar;D:\MaveStroage\com\fasterxml\jackson\module\jackson-module-parameter-names\2.9.6\jackson-module-parameter-names-2.9.6.jar;D:\MaveStroage\org\springframework\boot\spring-boot-starter-tomcat\2.0.5.RELEASE\spring-boot-starter-tomcat-2.0.5.RELEASE.jar;D:\MaveStroage\org\apache\tomcat\embed\tomcat-embed-core\8.5.34\tomcat-embed-core-8.5.34.jar;D:\MaveStroage\org\apache\tomcat\embed\tomcat-embed-el\8.5.34\tomcat-embed-el-8.5.34.jar;D:\MaveStroage\org\apache\tomcat\embed\tomcat-embed-websocket\8.5.34\tomcat-embed-websocket-8.5.34.jar;D:\MaveStroage\org\hibernate\validator\hibernate-validator\6.0.12.Final\hibernate-validator-6.0.12.Final.jar;D:\MaveStroage\javax\validation\validation-api\2.0.1.Final\validation-api-2.0.1.Final.jar;D:\MaveStroage\org\jboss\logging\jboss-logging\3.3.2.Final\jboss-logging-3.3.2.Final.jar;D:\MaveStroage\com\fasterxml\classmate\1.3.4\classmate-1.3.4.jar;D:\MaveStroage\org\springframework\spring-web\5.0.9.RELEASE\spring-web-5.0.9.RELEASE.jar;D:\MaveStroage\org\springframework\spring-beans\5.0.9.RELEASE\spring-beans-5.0.9.RELEASE.jar;D:\MaveStroage\org\springframework\spring-webmvc\5.0.9.RELEASE\spring-webmvc-5.0.9.RELEASE.jar;D:\MaveStroage\org\springframework\spring-aop\5.0.9.RELEASE\spring-aop-5.0.9.RELEASE.jar;D:\MaveStroage\org\springframework\spring-context\5.0.9.RELEASE\spring-context-5.0.9.RELEASE.jar;D:\MaveStroage\org\springframework\spring-expression\5.0.9.RELEASE\spring-expression-5.0.9.RELEASE.jar;D:\MaveStroage\org\yaml\snakeyaml\1.19\snakeyaml-1.19.jar;D:\MaveStroage\org\freemarker\freemarker\2.3.28\freemarker-2.3.28.jar;D:\MaveStroage\org\springframework\boot\spring-boot-starter\2.0.5.RELEASE\spring-boot-starter-2.0.5.RELEASE.jar;D:\MaveStroage\org\springframework\boot\spring-boot\2.0.5.RELEASE\spring-boot-2.0.5.RELEASE.jar;D:\MaveStroage\org\springframework\boot\spring-boot-starter-logging\2.0.5.RELEASE\spring-boot-starter-logging-2.0.5.RELEASE.jar;D:\MaveStroage\ch\qos\logback\logback-classic\1.2.3\logback-classic-1.2.3.jar;D:\MaveStroage\ch\qos\logback\logback-core\1.2.3\logback-core-1.2.3.jar;D:\MaveStroage\org\apache\logging\log4j\log4j-to-slf4j\2.10.0\log4j-to-slf4j-2.10.0.jar;D:\MaveStroage\org\apache\logging\log4j\log4j-api\2.10.0\log4j-api-2.10.0.jar;D:\MaveStroage\org\slf4j\jul-to-slf4j\1.7.25\jul-to-slf4j-1.7.25.jar;D:\MaveStroage\javax\annotation\javax.annotation-api\1.3.2\javax.annotation-api-1.3.2.jar;D:\MaveStroage\org\springframework\spring-core\5.0.9.RELEASE\spring-core-5.0.9.RELEASE.jar;D:\MaveStroage\org\springframework\spring-jcl\5.0.9.RELEASE\spring-jcl-5.0.9.RELEASE.jar;D:\MaveStroage\org\springframework\boot\spring-boot-starter-test\2.0.5.RELEASE\spring-boot-starter-test-2.0.5.RELEASE.jar;D:\MaveStroage\org\springframework\boot\spring-boot-test\2.0.5.RELEASE\spring-boot-test-2.0.5.RELEASE.jar;D:\MaveStroage\org\springframework\boot\spring-boot-test-autoconfigure\2.0.5.RELEASE\spring-boot-test-autoconfigure-2.0.5.RELEASE.jar;D:\MaveStroage\com\jayway\jsonpath\json-path\2.4.0\json-path-2.4.0.jar;D:\MaveStroage\net\minidev\json-smart\2.3\json-smart-2.3.jar;D:\MaveStroage\net\minidev\accessors-smart\1.2\accessors-smart-1.2.jar;D:\MaveStroage\org\ow2\asm\asm\5.0.4\asm-5.0.4.jar;D:\MaveStroage\org\slf4j\slf4j-api\1.7.25\slf4j-api-1.7.25.jar;D:\MaveStroage\junit\junit\4.12\junit-4.12.jar;D:\MaveStroage\org\assertj\assertj-core\3.9.1\assertj-core-3.9.1.jar;D:\MaveStroage\org\mockito\mockito-core\2.15.0\mockito-core-2.15.0.jar;D:\MaveStroage\net\bytebuddy\byte-buddy\1.7.11\byte-buddy-1.7.11.jar;D:\MaveStroage\net\bytebuddy\byte-buddy-agent\1.7.11\byte-buddy-agent-1.7.11.jar;D:\MaveStroage\org\objenesis\objenesis\2.6\objenesis-2.6.jar;D:\MaveStroage\org\hamcrest\hamcrest-core\1.3\hamcrest-core-1.3.jar;D:\MaveStroage\org\hamcrest\hamcrest-library\1.3\hamcrest-library-1.3.jar;D:\MaveStroage\org\skyscreamer\jsonassert\1.5.0\jsonassert-1.5.0.jar;D:\MaveStroage\com\vaadin\external\google\android-json\0.0.20131108.vaadin1\android-json-0.0.20131108.vaadin1.jar;D:\MaveStroage\org\springframework\spring-test\5.0.9.RELEASE\spring-test-5.0.9.RELEASE.jar;D:\MaveStroage\org\xmlunit\xmlunit-core\2.5.1\xmlunit-core-2.5.1.jar;"/>
    <property name="sun.cpu.endian" value="little"/>
    <property name="user.home" value="C:\Users\fengchaseyou"/>
    <property name="user.language" value="zh"/>
    <property name="java.specification.vendor" value="Oracle Corporation"/>
    <property name="java.home" value="C:\Program Files\Java\jdk1.8.0_112\jre"/>
    <property name="basedir" value="C:\GitWork\banxue-dev\project\banxue-frontend"/>
    <property name="file.separator" value="\"/>
    <property name="line.separator" value="&#10;"/>
    <property name="java.vm.specification.vendor" value="Oracle Corporation"/>
    <property name="java.specification.name" value="Java Platform API Specification"/>
    <property name="java.awt.graphicsenv" value="sun.awt.Win32GraphicsEnvironment"/>
    <property name="surefire.real.class.path" value="C:\Users\FENGCH~1\AppData\Local\Temp\surefire6488304197079517066\surefirebooter7666990339994619005.jar"/>
    <property name="sun.boot.class.path" value="C:\Program Files\Java\jdk1.8.0_112\jre\lib\resources.jar;C:\Program Files\Java\jdk1.8.0_112\jre\lib\rt.jar;C:\Program Files\Java\jdk1.8.0_112\jre\lib\sunrsasign.jar;C:\Program Files\Java\jdk1.8.0_112\jre\lib\jsse.jar;C:\Program Files\Java\jdk1.8.0_112\jre\lib\jce.jar;C:\Program Files\Java\jdk1.8.0_112\jre\lib\charsets.jar;C:\Program Files\Java\jdk1.8.0_112\jre\lib\jfr.jar;C:\Program Files\Java\jdk1.8.0_112\jre\classes"/>
    <property name="user.script" value=""/>
    <property name="sun.management.compiler" value="HotSpot 64-Bit Tiered Compilers"/>
    <property name="java.runtime.version" value="1.8.0_112-b15"/>
    <property name="user.name" value="fengchaseyou"/>
    <property name="path.separator" value=";"/>
    <property name="os.version" value="10.0"/>
    <property name="java.endorsed.dirs" value="C:\Program Files\Java\jdk1.8.0_112\jre\lib\endorsed"/>
    <property name="java.runtime.name" value="Java(TM) SE Runtime Environment"/>
    <property name="file.encoding" value="UTF-8"/>
    <property name="java.vm.name" value="Java HotSpot(TM) 64-Bit Server VM"/>
    <property name="localRepository" value="D:\MaveStroage"/>
    <property name="java.vendor.url.bug" value="http://bugreport.sun.com/bugreport/"/>
    <property name="java.io.tmpdir" value="C:\Users\FENGCH~1\AppData\Local\Temp\"/>
    <property name="java.version" value="1.8.0_112"/>
    <property name="user.dir" value="C:\GitWork\banxue-dev\project\banxue-frontend"/>
    <property name="os.arch" value="amd64"/>
    <property name="java.vm.specification.name" value="Java Virtual Machine Specification"/>
    <property name="java.awt.printerjob" value="sun.awt.windows.WPrinterJob"/>
    <property name="sun.os.patch.level" value=""/>
    <property name="java.library.path" value="C:\Program Files\Java\jdk1.8.0_112\jre\bin;C:\WINDOWS\Sun\Java\bin;C:\WINDOWS\system32;C:\WINDOWS;C:\Program Files (x86)\Common Files\Oracle\Java\javapath;C:\Program Files (x86)\Scripts\;C:\Program Files (x86)\;C:\Program Files (x86)\Common Files\NetSarang;C:\ProgramData\Oracle\Java\javapath;C:\WINDOWS\system32;C:\WINDOWS;C:\WINDOWS\System32\Wbem;C:\WINDOWS\System32\WindowsPowerShell\v1.0\;D:\Maven\apache-maven-3.1.1\apache-maven-3.1.1;C:\Program Files\TortoiseGit\bin;C:\WINDOWS\System32\OpenSSH\;C:\Users\fengchaseyou\AppData\Local\Microsoft\WindowsApps;C:\Users\fengchaseyou\AppData\Local\GitHubDesktop\bin;."/>
    <property name="java.vm.info" value="mixed mode"/>
    <property name="java.vendor" value="Oracle Corporation"/>
    <property name="java.vm.version" value="25.112-b15"/>
    <property name="java.ext.dirs" value="C:\Program Files\Java\jdk1.8.0_112\jre\lib\ext;C:\WINDOWS\Sun\Java\lib\ext"/>
    <property name="sun.io.unicode.encoding" value="UnicodeLittle"/>
    <property name="java.class.version" value="52.0"/>
  </properties>
  <testcase name="contextLoads" classname="com.banxue.BanxueFrontendApplicationTests" time="0.323"/>
</testsuite>